2019-04-05 10:35:14,569 INFO 6597 [egg-schedule]: register schedule /Users/xiaohuangyu/work/egg-ams/admin/node_modules/egg-multipart/app/schedule/clean_tmpdir.js
2019-04-05 10:35:14,569 INFO 6597 [egg-schedule]: register schedule /Users/xiaohuangyu/work/egg-ams/admin/node_modules/egg-logrotator/app/schedule/clean_log.js
2019-04-05 10:35:14,569 INFO 6597 [egg-schedule]: register schedule /Users/xiaohuangyu/work/egg-ams/admin/node_modules/egg-logrotator/app/schedule/rotate_by_file.js
2019-04-05 10:36:16,268 INFO 6598 [egg-schedule]: register schedule /Users/xiaohuangyu/work/egg-ams/admin/node_modules/egg-multipart/app/schedule/clean_tmpdir.js
2019-04-05 10:36:16,268 INFO 6598 [egg-schedule]: register schedule /Users/xiaohuangyu/work/egg-ams/admin/node_modules/egg-logrotator/app/schedule/clean_log.js
2019-04-05 10:36:16,268 INFO 6598 [egg-schedule]: register schedule /Users/xiaohuangyu/work/egg-ams/admin/node_modules/egg-logrotator/app/schedule/rotate_by_file.js
2019-04-05 10:36:19,918 INFO 6599 [egg-schedule]: register schedule /Users/xiaohuangyu/work/egg-ams/admin/node_modules/egg-multipart/app/schedule/clean_tmpdir.js
2019-04-05 10:36:19,918 INFO 6599 [egg-schedule]: register schedule /Users/xiaohuangyu/work/egg-ams/admin/node_modules/egg-logrotator/app/schedule/clean_log.js
2019-04-05 10:36:19,918 INFO 6599 [egg-schedule]: register schedule /Users/xiaohuangyu/work/egg-ams/admin/node_modules/egg-logrotator/app/schedule/rotate_by_file.js
2019-04-05 10:40:17,247 INFO 6603 [egg-schedule]: register schedule /Users/xiaohuangyu/work/egg-ams/admin/node_modules/egg-multipart/app/schedule/clean_tmpdir.js
2019-04-05 10:40:17,247 INFO 6603 [egg-schedule]: register schedule /Users/xiaohuangyu/work/egg-ams/admin/node_modules/egg-logrotator/app/schedule/clean_log.js
2019-04-05 10:40:17,247 INFO 6603 [egg-schedule]: register schedule /Users/xiaohuangyu/work/egg-ams/admin/node_modules/egg-logrotator/app/schedule/rotate_by_file.js
2019-04-05 10:40:23,724 INFO 6604 [egg-schedule]: register schedule /Users/xiaohuangyu/work/egg-ams/admin/node_modules/egg-multipart/app/schedule/clean_tmpdir.js
2019-04-05 10:40:23,724 INFO 6604 [egg-schedule]: register schedule /Users/xiaohuangyu/work/egg-ams/admin/node_modules/egg-logrotator/app/schedule/clean_log.js
2019-04-05 10:40:23,724 INFO 6604 [egg-schedule]: register schedule /Users/xiaohuangyu/work/egg-ams/admin/node_modules/egg-logrotator/app/schedule/rotate_by_file.js
2019-04-05 10:40:27,310 INFO 6605 [egg-schedule]: register schedule /Users/xiaohuangyu/work/egg-ams/admin/node_modules/egg-multipart/app/schedule/clean_tmpdir.js
2019-04-05 10:40:27,310 INFO 6605 [egg-schedule]: register schedule /Users/xiaohuangyu/work/egg-ams/admin/node_modules/egg-logrotator/app/schedule/clean_log.js
2019-04-05 10:40:27,310 INFO 6605 [egg-schedule]: register schedule /Users/xiaohuangyu/work/egg-ams/admin/node_modules/egg-logrotator/app/schedule/rotate_by_file.js
2019-04-05 10:40:29,542 INFO 6606 [egg-schedule]: register schedule /Users/xiaohuangyu/work/egg-ams/admin/node_modules/egg-multipart/app/schedule/clean_tmpdir.js
2019-04-05 10:40:29,542 INFO 6606 [egg-schedule]: register schedule /Users/xiaohuangyu/work/egg-ams/admin/node_modules/egg-logrotator/app/schedule/clean_log.js
2019-04-05 10:40:29,542 INFO 6606 [egg-schedule]: register schedule /Users/xiaohuangyu/work/egg-ams/admin/node_modules/egg-logrotator/app/schedule/rotate_by_file.js
2019-04-05 10:47:23,024 INFO 6615 [egg-schedule]: register schedule /Users/xiaohuangyu/work/egg-ams/admin/node_modules/egg-multipart/app/schedule/clean_tmpdir.js
2019-04-05 10:47:23,024 INFO 6615 [egg-schedule]: register schedule /Users/xiaohuangyu/work/egg-ams/admin/node_modules/egg-logrotator/app/schedule/clean_log.js
2019-04-05 10:47:23,024 INFO 6615 [egg-schedule]: register schedule /Users/xiaohuangyu/work/egg-ams/admin/node_modules/egg-logrotator/app/schedule/rotate_by_file.js
2019-04-05 10:48:25,999 INFO 6616 [egg-schedule]: register schedule /Users/xiaohuangyu/work/egg-ams/admin/node_modules/egg-multipart/app/schedule/clean_tmpdir.js
2019-04-05 10:48:26,000 INFO 6616 [egg-schedule]: register schedule /Users/xiaohuangyu/work/egg-ams/admin/node_modules/egg-logrotator/app/schedule/clean_log.js
2019-04-05 10:48:26,000 INFO 6616 [egg-schedule]: register schedule /Users/xiaohuangyu/work/egg-ams/admin/node_modules/egg-logrotator/app/schedule/rotate_by_file.js
2019-04-05 10:48:44,954 INFO 6618 [egg-schedule]: register schedule /Users/xiaohuangyu/work/egg-ams/admin/node_modules/egg-multipart/app/schedule/clean_tmpdir.js
2019-04-05 10:48:44,954 INFO 6618 [egg-schedule]: register schedule /Users/xiaohuangyu/work/egg-ams/admin/node_modules/egg-logrotator/app/schedule/clean_log.js
2019-04-05 10:48:44,954 INFO 6618 [egg-schedule]: register schedule /Users/xiaohuangyu/work/egg-ams/admin/node_modules/egg-logrotator/app/schedule/rotate_by_file.js
2019-04-05 10:49:03,157 INFO 6619 [egg-schedule]: register schedule /Users/xiaohuangyu/work/egg-ams/admin/node_modules/egg-multipart/app/schedule/clean_tmpdir.js
2019-04-05 10:49:03,158 INFO 6619 [egg-schedule]: register schedule /Users/xiaohuangyu/work/egg-ams/admin/node_modules/egg-logrotator/app/schedule/clean_log.js
2019-04-05 10:49:03,158 INFO 6619 [egg-schedule]: register schedule /Users/xiaohuangyu/work/egg-ams/admin/node_modules/egg-logrotator/app/schedule/rotate_by_file.js
2019-04-05 10:49:08,743 INFO 6620 [egg-schedule]: register schedule /Users/xiaohuangyu/work/egg-ams/admin/node_modules/egg-multipart/app/schedule/clean_tmpdir.js
2019-04-05 10:49:08,743 INFO 6620 [egg-schedule]: register schedule /Users/xiaohuangyu/work/egg-ams/admin/node_modules/egg-logrotator/app/schedule/clean_log.js
2019-04-05 10:49:08,743 INFO 6620 [egg-schedule]: register schedule /Users/xiaohuangyu/work/egg-ams/admin/node_modules/egg-logrotator/app/schedule/rotate_by_file.js
2019-04-05 10:49:12,726 INFO 6621 [egg-schedule]: register schedule /Users/xiaohuangyu/work/egg-ams/admin/node_modules/egg-multipart/app/schedule/clean_tmpdir.js
2019-04-05 10:49:12,726 INFO 6621 [egg-schedule]: register schedule /Users/xiaohuangyu/work/egg-ams/admin/node_modules/egg-logrotator/app/schedule/clean_log.js
2019-04-05 10:49:12,726 INFO 6621 [egg-schedule]: register schedule /Users/xiaohuangyu/work/egg-ams/admin/node_modules/egg-logrotator/app/schedule/rotate_by_file.js
2019-04-05 10:49:25,860 INFO 6622 [egg-schedule]: register schedule /Users/xiaohuangyu/work/egg-ams/admin/node_modules/egg-multipart/app/schedule/clean_tmpdir.js
2019-04-05 10:49:25,860 INFO 6622 [egg-schedule]: register schedule /Users/xiaohuangyu/work/egg-ams/admin/node_modules/egg-logrotator/app/schedule/clean_log.js
2019-04-05 10:49:25,860 INFO 6622 [egg-schedule]: register schedule /Users/xiaohuangyu/work/egg-ams/admin/node_modules/egg-logrotator/app/schedule/rotate_by_file.js
2019-04-05 10:49:39,578 INFO 6623 [egg-schedule]: register schedule /Users/xiaohuangyu/work/egg-ams/admin/node_modules/egg-multipart/app/schedule/clean_tmpdir.js
2019-04-05 10:49:39,578 INFO 6623 [egg-schedule]: register schedule /Users/xiaohuangyu/work/egg-ams/admin/node_modules/egg-logrotator/app/schedule/clean_log.js
2019-04-05 10:49:39,578 INFO 6623 [egg-schedule]: register schedule /Users/xiaohuangyu/work/egg-ams/admin/node_modules/egg-logrotator/app/schedule/rotate_by_file.js
2019-04-05 10:50:59,589 INFO 6629 [egg-schedule]: register schedule /Users/xiaohuangyu/work/egg-ams/admin/node_modules/egg-multipart/app/schedule/clean_tmpdir.js
2019-04-05 10:50:59,589 INFO 6629 [egg-schedule]: register schedule /Users/xiaohuangyu/work/egg-ams/admin/node_modules/egg-logrotator/app/schedule/clean_log.js
2019-04-05 10:50:59,589 INFO 6629 [egg-schedule]: register schedule /Users/xiaohuangyu/work/egg-ams/admin/node_modules/egg-logrotator/app/schedule/rotate_by_file.js
2019-04-05 10:51:05,091 INFO 6630 [egg-schedule]: register schedule /Users/xiaohuangyu/work/egg-ams/admin/node_modules/egg-multipart/app/schedule/clean_tmpdir.js
2019-04-05 10:51:05,091 INFO 6630 [egg-schedule]: register schedule /Users/xiaohuangyu/work/egg-ams/admin/node_modules/egg-logrotator/app/schedule/clean_log.js
2019-04-05 10:51:05,091 INFO 6630 [egg-schedule]: register schedule /Users/xiaohuangyu/work/egg-ams/admin/node_modules/egg-logrotator/app/schedule/rotate_by_file.js
2019-04-05 10:51:13,451 INFO 6631 [egg-schedule]: register schedule /Users/xiaohuangyu/work/egg-ams/admin/node_modules/egg-multipart/app/schedule/clean_tmpdir.js
2019-04-05 10:51:13,451 INFO 6631 [egg-schedule]: register schedule /Users/xiaohuangyu/work/egg-ams/admin/node_modules/egg-logrotator/app/schedule/clean_log.js
2019-04-05 10:51:13,451 INFO 6631 [egg-schedule]: register schedule /Users/xiaohuangyu/work/egg-ams/admin/node_modules/egg-logrotator/app/schedule/rotate_by_file.js
2019-04-05 10:51:16,281 INFO 6632 [egg-schedule]: register schedule /Users/xiaohuangyu/work/egg-ams/admin/node_modules/egg-multipart/app/schedule/clean_tmpdir.js
2019-04-05 10:51:16,281 INFO 6632 [egg-schedule]: register schedule /Users/xiaohuangyu/work/egg-ams/admin/node_modules/egg-logrotator/app/schedule/clean_log.js
2019-04-05 10:51:16,281 INFO 6632 [egg-schedule]: register schedule /Users/xiaohuangyu/work/egg-ams/admin/node_modules/egg-logrotator/app/schedule/rotate_by_file.js
2019-04-05 10:51:47,779 INFO 6633 [egg-schedule]: register schedule /Users/xiaohuangyu/work/egg-ams/admin/node_modules/egg-multipart/app/schedule/clean_tmpdir.js
2019-04-05 10:51:47,779 INFO 6633 [egg-schedule]: register schedule /Users/xiaohuangyu/work/egg-ams/admin/node_modules/egg-logrotator/app/schedule/clean_log.js
2019-04-05 10:51:47,779 INFO 6633 [egg-schedule]: register schedule /Users/xiaohuangyu/work/egg-ams/admin/node_modules/egg-logrotator/app/schedule/rotate_by_file.js
2019-04-05 10:51:58,587 INFO 6634 [egg-schedule]: register schedule /Users/xiaohuangyu/work/egg-ams/admin/node_modules/egg-multipart/app/schedule/clean_tmpdir.js
2019-04-05 10:51:58,587 INFO 6634 [egg-schedule]: register schedule /Users/xiaohuangyu/work/egg-ams/admin/node_modules/egg-logrotator/app/schedule/clean_log.js
2019-04-05 10:51:58,587 INFO 6634 [egg-schedule]: register schedule /Users/xiaohuangyu/work/egg-ams/admin/node_modules/egg-logrotator/app/schedule/rotate_by_file.js
2019-04-05 10:52:01,205 INFO 6635 [egg-schedule]: register schedule /Users/xiaohuangyu/work/egg-ams/admin/node_modules/egg-multipart/app/schedule/clean_tmpdir.js
2019-04-05 10:52:01,205 INFO 6635 [egg-schedule]: register schedule /Users/xiaohuangyu/work/egg-ams/admin/node_modules/egg-logrotator/app/schedule/clean_log.js
2019-04-05 10:52:01,205 INFO 6635 [egg-schedule]: register schedule /Users/xiaohuangyu/work/egg-ams/admin/node_modules/egg-logrotator/app/schedule/rotate_by_file.js
2019-04-05 10:52:05,078 INFO 6636 [egg-schedule]: register schedule /Users/xiaohuangyu/work/egg-ams/admin/node_modules/egg-multipart/app/schedule/clean_tmpdir.js
2019-04-05 10:52:05,078 INFO 6636 [egg-schedule]: register schedule /Users/xiaohuangyu/work/egg-ams/admin/node_modules/egg-logrotator/app/schedule/clean_log.js
2019-04-05 10:52:05,078 INFO 6636 [egg-schedule]: register schedule /Users/xiaohuangyu/work/egg-ams/admin/node_modules/egg-logrotator/app/schedule/rotate_by_file.js
2019-04-05 10:52:24,386 INFO 6637 [egg-schedule]: register schedule /Users/xiaohuangyu/work/egg-ams/admin/node_modules/egg-multipart/app/schedule/clean_tmpdir.js
2019-04-05 10:52:24,386 INFO 6637 [egg-schedule]: register schedule /Users/xiaohuangyu/work/egg-ams/admin/node_modules/egg-logrotator/app/schedule/clean_log.js
2019-04-05 10:52:24,386 INFO 6637 [egg-schedule]: register schedule /Users/xiaohuangyu/work/egg-ams/admin/node_modules/egg-logrotator/app/schedule/rotate_by_file.js
2019-04-05 10:53:19,715 INFO 6643 [egg-schedule]: register schedule /Users/xiaohuangyu/work/egg-ams/admin/node_modules/egg-multipart/app/schedule/clean_tmpdir.js
2019-04-05 10:53:19,715 INFO 6643 [egg-schedule]: register schedule /Users/xiaohuangyu/work/egg-ams/admin/node_modules/egg-logrotator/app/schedule/clean_log.js
2019-04-05 10:53:19,715 INFO 6643 [egg-schedule]: register schedule /Users/xiaohuangyu/work/egg-ams/admin/node_modules/egg-logrotator/app/schedule/rotate_by_file.js
2019-04-05 10:53:27,416 INFO 6644 [egg-schedule]: register schedule /Users/xiaohuangyu/work/egg-ams/admin/node_modules/egg-multipart/app/schedule/clean_tmpdir.js
2019-04-05 10:53:27,416 INFO 6644 [egg-schedule]: register schedule /Users/xiaohuangyu/work/egg-ams/admin/node_modules/egg-logrotator/app/schedule/clean_log.js
2019-04-05 10:53:27,416 INFO 6644 [egg-schedule]: register schedule /Users/xiaohuangyu/work/egg-ams/admin/node_modules/egg-logrotator/app/schedule/rotate_by_file.js
2019-04-05 10:53:45,905 INFO 6645 [egg-schedule]: register schedule /Users/xiaohuangyu/work/egg-ams/admin/node_modules/egg-multipart/app/schedule/clean_tmpdir.js
2019-04-05 10:53:45,905 INFO 6645 [egg-schedule]: register schedule /Users/xiaohuangyu/work/egg-ams/admin/node_modules/egg-logrotator/app/schedule/clean_log.js
2019-04-05 10:53:45,905 INFO 6645 [egg-schedule]: register schedule /Users/xiaohuangyu/work/egg-ams/admin/node_modules/egg-logrotator/app/schedule/rotate_by_file.js
2019-04-05 10:54:14,492 INFO 6648 [egg-schedule]: register schedule /Users/xiaohuangyu/work/egg-ams/admin/node_modules/egg-multipart/app/schedule/clean_tmpdir.js
2019-04-05 10:54:14,492 INFO 6648 [egg-schedule]: register schedule /Users/xiaohuangyu/work/egg-ams/admin/node_modules/egg-logrotator/app/schedule/clean_log.js
2019-04-05 10:54:14,492 INFO 6648 [egg-schedule]: register schedule /Users/xiaohuangyu/work/egg-ams/admin/node_modules/egg-logrotator/app/schedule/rotate_by_file.js
2019-04-05 10:54:32,257 INFO 6649 [egg-schedule]: register schedule /Users/xiaohuangyu/work/egg-ams/admin/node_modules/egg-multipart/app/schedule/clean_tmpdir.js
2019-04-05 10:54:32,257 INFO 6649 [egg-schedule]: register schedule /Users/xiaohuangyu/work/egg-ams/admin/node_modules/egg-logrotator/app/schedule/clean_log.js
2019-04-05 10:54:32,257 INFO 6649 [egg-schedule]: register schedule /Users/xiaohuangyu/work/egg-ams/admin/node_modules/egg-logrotator/app/schedule/rotate_by_file.js
2019-04-05 10:54:33,533 INFO 6650 [egg-schedule]: register schedule /Users/xiaohuangyu/work/egg-ams/admin/node_modules/egg-multipart/app/schedule/clean_tmpdir.js
2019-04-05 10:54:33,533 INFO 6650 [egg-schedule]: register schedule /Users/xiaohuangyu/work/egg-ams/admin/node_modules/egg-logrotator/app/schedule/clean_log.js
2019-04-05 10:54:33,533 INFO 6650 [egg-schedule]: register schedule /Users/xiaohuangyu/work/egg-ams/admin/node_modules/egg-logrotator/app/schedule/rotate_by_file.js
2019-04-05 10:54:41,794 INFO 6651 [egg-schedule]: register schedule /Users/xiaohuangyu/work/egg-ams/admin/node_modules/egg-multipart/app/schedule/clean_tmpdir.js
2019-04-05 10:54:41,794 INFO 6651 [egg-schedule]: register schedule /Users/xiaohuangyu/work/egg-ams/admin/node_modules/egg-logrotator/app/schedule/clean_log.js
2019-04-05 10:54:41,794 INFO 6651 [egg-schedule]: register schedule /Users/xiaohuangyu/work/egg-ams/admin/node_modules/egg-logrotator/app/schedule/rotate_by_file.js
2019-04-05 10:55:28,388 INFO 6655 [egg-schedule]: register schedule /Users/xiaohuangyu/work/egg-ams/admin/node_modules/egg-multipart/app/schedule/clean_tmpdir.js
2019-04-05 10:55:28,389 INFO 6655 [egg-schedule]: register schedule /Users/xiaohuangyu/work/egg-ams/admin/node_modules/egg-logrotator/app/schedule/clean_log.js
2019-04-05 10:55:28,389 INFO 6655 [egg-schedule]: register schedule /Users/xiaohuangyu/work/egg-ams/admin/node_modules/egg-logrotator/app/schedule/rotate_by_file.js
2019-04-05 10:55:37,887 INFO 6656 [egg-schedule]: register schedule /Users/xiaohuangyu/work/egg-ams/admin/node_modules/egg-multipart/app/schedule/clean_tmpdir.js
2019-04-05 10:55:37,887 INFO 6656 [egg-schedule]: register schedule /Users/xiaohuangyu/work/egg-ams/admin/node_modules/egg-logrotator/app/schedule/clean_log.js
2019-04-05 10:55:37,887 INFO 6656 [egg-schedule]: register schedule /Users/xiaohuangyu/work/egg-ams/admin/node_modules/egg-logrotator/app/schedule/rotate_by_file.js
2019-04-05 10:55:40,727 INFO 6657 [egg-schedule]: register schedule /Users/xiaohuangyu/work/egg-ams/admin/node_modules/egg-multipart/app/schedule/clean_tmpdir.js
2019-04-05 10:55:40,727 INFO 6657 [egg-schedule]: register schedule /Users/xiaohuangyu/work/egg-ams/admin/node_modules/egg-logrotator/app/schedule/clean_log.js
2019-04-05 10:55:40,727 INFO 6657 [egg-schedule]: register schedule /Users/xiaohuangyu/work/egg-ams/admin/node_modules/egg-logrotator/app/schedule/rotate_by_file.js
2019-04-05 10:55:52,167 INFO 6658 [egg-schedule]: register schedule /Users/xiaohuangyu/work/egg-ams/admin/node_modules/egg-multipart/app/schedule/clean_tmpdir.js
2019-04-05 10:55:52,167 INFO 6658 [egg-schedule]: register schedule /Users/xiaohuangyu/work/egg-ams/admin/node_modules/egg-logrotator/app/schedule/clean_log.js
2019-04-05 10:55:52,167 INFO 6658 [egg-schedule]: register schedule /Users/xiaohuangyu/work/egg-ams/admin/node_modules/egg-logrotator/app/schedule/rotate_by_file.js
2019-04-05 10:56:47,187 INFO 6660 [egg-schedule]: register schedule /Users/xiaohuangyu/work/egg-ams/admin/node_modules/egg-multipart/app/schedule/clean_tmpdir.js
2019-04-05 10:56:47,187 INFO 6660 [egg-schedule]: register schedule /Users/xiaohuangyu/work/egg-ams/admin/node_modules/egg-logrotator/app/schedule/clean_log.js
2019-04-05 10:56:47,187 INFO 6660 [egg-schedule]: register schedule /Users/xiaohuangyu/work/egg-ams/admin/node_modules/egg-logrotator/app/schedule/rotate_by_file.js
2019-04-05 10:57:01,602 INFO 6661 [egg-schedule]: register schedule /Users/xiaohuangyu/work/egg-ams/admin/node_modules/egg-multipart/app/schedule/clean_tmpdir.js
2019-04-05 10:57:01,602 INFO 6661 [egg-schedule]: register schedule /Users/xiaohuangyu/work/egg-ams/admin/node_modules/egg-logrotator/app/schedule/clean_log.js
2019-04-05 10:57:01,602 INFO 6661 [egg-schedule]: register schedule /Users/xiaohuangyu/work/egg-ams/admin/node_modules/egg-logrotator/app/schedule/rotate_by_file.js
2019-04-05 10:57:04,622 INFO 6662 [egg-schedule]: register schedule /Users/xiaohuangyu/work/egg-ams/admin/node_modules/egg-multipart/app/schedule/clean_tmpdir.js
2019-04-05 10:57:04,622 INFO 6662 [egg-schedule]: register schedule /Users/xiaohuangyu/work/egg-ams/admin/node_modules/egg-logrotator/app/schedule/clean_log.js
2019-04-05 10:57:04,622 INFO 6662 [egg-schedule]: register schedule /Users/xiaohuangyu/work/egg-ams/admin/node_modules/egg-logrotator/app/schedule/rotate_by_file.js
2019-04-05 10:57:23,147 INFO 6663 [egg-schedule]: register schedule /Users/xiaohuangyu/work/egg-ams/admin/node_modules/egg-multipart/app/schedule/clean_tmpdir.js
2019-04-05 10:57:23,147 INFO 6663 [egg-schedule]: register schedule /Users/xiaohuangyu/work/egg-ams/admin/node_modules/egg-logrotator/app/schedule/clean_log.js
2019-04-05 10:57:23,147 INFO 6663 [egg-schedule]: register schedule /Users/xiaohuangyu/work/egg-ams/admin/node_modules/egg-logrotator/app/schedule/rotate_by_file.js
2019-04-05 10:57:34,179 INFO 6664 [egg-schedule]: register schedule /Users/xiaohuangyu/work/egg-ams/admin/node_modules/egg-multipart/app/schedule/clean_tmpdir.js
2019-04-05 10:57:34,179 INFO 6664 [egg-schedule]: register schedule /Users/xiaohuangyu/work/egg-ams/admin/node_modules/egg-logrotator/app/schedule/clean_log.js
2019-04-05 10:57:34,179 INFO 6664 [egg-schedule]: register schedule /Users/xiaohuangyu/work/egg-ams/admin/node_modules/egg-logrotator/app/schedule/rotate_by_file.js
2019-04-05 10:58:37,061 INFO 6668 [egg-schedule]: register schedule /Users/xiaohuangyu/work/egg-ams/admin/node_modules/egg-multipart/app/schedule/clean_tmpdir.js
2019-04-05 10:58:37,061 INFO 6668 [egg-schedule]: register schedule /Users/xiaohuangyu/work/egg-ams/admin/node_modules/egg-logrotator/app/schedule/clean_log.js
2019-04-05 10:58:37,061 INFO 6668 [egg-schedule]: register schedule /Users/xiaohuangyu/work/egg-ams/admin/node_modules/egg-logrotator/app/schedule/rotate_by_file.js
2019-04-05 10:59:02,125 INFO 6669 [egg-schedule]: register schedule /Users/xiaohuangyu/work/egg-ams/admin/node_modules/egg-multipart/app/schedule/clean_tmpdir.js
2019-04-05 10:59:02,125 INFO 6669 [egg-schedule]: register schedule /Users/xiaohuangyu/work/egg-ams/admin/node_modules/egg-logrotator/app/schedule/clean_log.js
2019-04-05 10:59:02,125 INFO 6669 [egg-schedule]: register schedule /Users/xiaohuangyu/work/egg-ams/admin/node_modules/egg-logrotator/app/schedule/rotate_by_file.js
2019-04-05 11:00:12,280 INFO 6675 [egg-schedule]: register schedule /Users/xiaohuangyu/work/egg-ams/admin/node_modules/egg-multipart/app/schedule/clean_tmpdir.js
2019-04-05 11:00:12,280 INFO 6675 [egg-schedule]: register schedule /Users/xiaohuangyu/work/egg-ams/admin/node_modules/egg-logrotator/app/schedule/clean_log.js
2019-04-05 11:00:12,280 INFO 6675 [egg-schedule]: register schedule /Users/xiaohuangyu/work/egg-ams/admin/node_modules/egg-logrotator/app/schedule/rotate_by_file.js
2019-04-05 11:00:16,868 INFO 6676 [egg-schedule]: register schedule /Users/xiaohuangyu/work/egg-ams/admin/node_modules/egg-multipart/app/schedule/clean_tmpdir.js
2019-04-05 11:00:16,868 INFO 6676 [egg-schedule]: register schedule /Users/xiaohuangyu/work/egg-ams/admin/node_modules/egg-logrotator/app/schedule/clean_log.js
2019-04-05 11:00:16,868 INFO 6676 [egg-schedule]: register schedule /Users/xiaohuangyu/work/egg-ams/admin/node_modules/egg-logrotator/app/schedule/rotate_by_file.js
2019-04-05 11:00:18,426 INFO 6677 [egg-schedule]: register schedule /Users/xiaohuangyu/work/egg-ams/admin/node_modules/egg-multipart/app/schedule/clean_tmpdir.js
2019-04-05 11:00:18,426 INFO 6677 [egg-schedule]: register schedule /Users/xiaohuangyu/work/egg-ams/admin/node_modules/egg-logrotator/app/schedule/clean_log.js
2019-04-05 11:00:18,426 INFO 6677 [egg-schedule]: register schedule /Users/xiaohuangyu/work/egg-ams/admin/node_modules/egg-logrotator/app/schedule/rotate_by_file.js
2019-04-05 11:00:47,461 INFO 6679 [egg-schedule]: register schedule /Users/xiaohuangyu/work/egg-ams/admin/node_modules/egg-multipart/app/schedule/clean_tmpdir.js
2019-04-05 11:00:47,461 INFO 6679 [egg-schedule]: register schedule /Users/xiaohuangyu/work/egg-ams/admin/node_modules/egg-logrotator/app/schedule/clean_log.js
2019-04-05 11:00:47,461 INFO 6679 [egg-schedule]: register schedule /Users/xiaohuangyu/work/egg-ams/admin/node_modules/egg-logrotator/app/schedule/rotate_by_file.js
2019-04-05 11:00:52,999 INFO 6680 [egg-schedule]: register schedule /Users/xiaohuangyu/work/egg-ams/admin/node_modules/egg-multipart/app/schedule/clean_tmpdir.js
2019-04-05 11:00:52,999 INFO 6680 [egg-schedule]: register schedule /Users/xiaohuangyu/work/egg-ams/admin/node_modules/egg-logrotator/app/schedule/clean_log.js
2019-04-05 11:00:52,999 INFO 6680 [egg-schedule]: register schedule /Users/xiaohuangyu/work/egg-ams/admin/node_modules/egg-logrotator/app/schedule/rotate_by_file.js
2019-04-05 11:00:58,103 INFO 6681 [egg-schedule]: register schedule /Users/xiaohuangyu/work/egg-ams/admin/node_modules/egg-multipart/app/schedule/clean_tmpdir.js
2019-04-05 11:00:58,103 INFO 6681 [egg-schedule]: register schedule /Users/xiaohuangyu/work/egg-ams/admin/node_modules/egg-logrotator/app/schedule/clean_log.js
2019-04-05 11:00:58,103 INFO 6681 [egg-schedule]: register schedule /Users/xiaohuangyu/work/egg-ams/admin/node_modules/egg-logrotator/app/schedule/rotate_by_file.js
2019-04-05 11:01:30,266 INFO 6682 [egg-schedule]: register schedule /Users/xiaohuangyu/work/egg-ams/admin/node_modules/egg-multipart/app/schedule/clean_tmpdir.js
2019-04-05 11:01:30,266 INFO 6682 [egg-schedule]: register schedule /Users/xiaohuangyu/work/egg-ams/admin/node_modules/egg-logrotator/app/schedule/clean_log.js
2019-04-05 11:01:30,266 INFO 6682 [egg-schedule]: register schedule /Users/xiaohuangyu/work/egg-ams/admin/node_modules/egg-logrotator/app/schedule/rotate_by_file.js
2019-04-05 11:01:37,227 INFO 6683 [egg-schedule]: register schedule /Users/xiaohuangyu/work/egg-ams/admin/node_modules/egg-multipart/app/schedule/clean_tmpdir.js
2019-04-05 11:01:37,227 INFO 6683 [egg-schedule]: register schedule /Users/xiaohuangyu/work/egg-ams/admin/node_modules/egg-logrotator/app/schedule/clean_log.js
2019-04-05 11:01:37,227 INFO 6683 [egg-schedule]: register schedule /Users/xiaohuangyu/work/egg-ams/admin/node_modules/egg-logrotator/app/schedule/rotate_by_file.js
2019-04-05 11:17:27,019 INFO 6687 [egg-schedule]: register schedule /Users/xiaohuangyu/work/egg-ams/admin/node_modules/egg-multipart/app/schedule/clean_tmpdir.js
2019-04-05 11:17:27,019 INFO 6687 [egg-schedule]: register schedule /Users/xiaohuangyu/work/egg-ams/admin/node_modules/egg-logrotator/app/schedule/clean_log.js
2019-04-05 11:17:27,019 INFO 6687 [egg-schedule]: register schedule /Users/xiaohuangyu/work/egg-ams/admin/node_modules/egg-logrotator/app/schedule/rotate_by_file.js
2019-04-05 11:17:28,783 INFO 6688 [egg-schedule]: register schedule /Users/xiaohuangyu/work/egg-ams/admin/node_modules/egg-multipart/app/schedule/clean_tmpdir.js
2019-04-05 11:17:28,783 INFO 6688 [egg-schedule]: register schedule /Users/xiaohuangyu/work/egg-ams/admin/node_modules/egg-logrotator/app/schedule/clean_log.js
2019-04-05 11:17:28,783 INFO 6688 [egg-schedule]: register schedule /Users/xiaohuangyu/work/egg-ams/admin/node_modules/egg-logrotator/app/schedule/rotate_by_file.js
2019-04-05 11:45:28,685 INFO 6716 [egg-schedule]: register schedule /Users/xiaohuangyu/work/egg-ams/admin/node_modules/egg-multipart/app/schedule/clean_tmpdir.js
2019-04-05 11:45:28,685 INFO 6716 [egg-schedule]: register schedule /Users/xiaohuangyu/work/egg-ams/admin/node_modules/egg-logrotator/app/schedule/clean_log.js
2019-04-05 11:45:28,685 INFO 6716 [egg-schedule]: register schedule /Users/xiaohuangyu/work/egg-ams/admin/node_modules/egg-logrotator/app/schedule/rotate_by_file.js
2019-04-05 11:45:37,591 INFO 6717 [egg-schedule]: register schedule /Users/xiaohuangyu/work/egg-ams/admin/node_modules/egg-multipart/app/schedule/clean_tmpdir.js
2019-04-05 11:45:37,591 INFO 6717 [egg-schedule]: register schedule /Users/xiaohuangyu/work/egg-ams/admin/node_modules/egg-logrotator/app/schedule/clean_log.js
2019-04-05 11:45:37,591 INFO 6717 [egg-schedule]: register schedule /Users/xiaohuangyu/work/egg-ams/admin/node_modules/egg-logrotator/app/schedule/rotate_by_file.js
2019-04-05 11:45:40,312 INFO 6718 [egg-schedule]: register schedule /Users/xiaohuangyu/work/egg-ams/admin/node_modules/egg-multipart/app/schedule/clean_tmpdir.js
2019-04-05 11:45:40,312 INFO 6718 [egg-schedule]: register schedule /Users/xiaohuangyu/work/egg-ams/admin/node_modules/egg-logrotator/app/schedule/clean_log.js
2019-04-05 11:45:40,312 INFO 6718 [egg-schedule]: register schedule /Users/xiaohuangyu/work/egg-ams/admin/node_modules/egg-logrotator/app/schedule/rotate_by_file.js
2019-04-05 11:45:50,513 INFO 6719 [egg-schedule]: register schedule /Users/xiaohuangyu/work/egg-ams/admin/node_modules/egg-multipart/app/schedule/clean_tmpdir.js
2019-04-05 11:45:50,513 INFO 6719 [egg-schedule]: register schedule /Users/xiaohuangyu/work/egg-ams/admin/node_modules/egg-logrotator/app/schedule/clean_log.js
2019-04-05 11:45:50,513 INFO 6719 [egg-schedule]: register schedule /Users/xiaohuangyu/work/egg-ams/admin/node_modules/egg-logrotator/app/schedule/rotate_by_file.js
2019-04-05 11:45:59,203 INFO 6720 [egg-schedule]: register schedule /Users/xiaohuangyu/work/egg-ams/admin/node_modules/egg-multipart/app/schedule/clean_tmpdir.js
2019-04-05 11:45:59,203 INFO 6720 [egg-schedule]: register schedule /Users/xiaohuangyu/work/egg-ams/admin/node_modules/egg-logrotator/app/schedule/clean_log.js
2019-04-05 11:45:59,203 INFO 6720 [egg-schedule]: register schedule /Users/xiaohuangyu/work/egg-ams/admin/node_modules/egg-logrotator/app/schedule/rotate_by_file.js
2019-04-05 13:47:18,266 INFO 6797 [egg-schedule]: register schedule /Users/xiaohuangyu/work/egg-ams/admin/node_modules/egg-multipart/app/schedule/clean_tmpdir.js
2019-04-05 13:47:18,266 INFO 6797 [egg-schedule]: register schedule /Users/xiaohuangyu/work/egg-ams/admin/node_modules/egg-logrotator/app/schedule/clean_log.js
2019-04-05 13:47:18,266 INFO 6797 [egg-schedule]: register schedule /Users/xiaohuangyu/work/egg-ams/admin/node_modules/egg-logrotator/app/schedule/rotate_by_file.js
2019-04-05 13:47:30,997 INFO 6801 [egg-schedule]: register schedule /Users/xiaohuangyu/work/egg-ams/admin/node_modules/egg-multipart/app/schedule/clean_tmpdir.js
2019-04-05 13:47:30,997 INFO 6801 [egg-schedule]: register schedule /Users/xiaohuangyu/work/egg-ams/admin/node_modules/egg-logrotator/app/schedule/clean_log.js
2019-04-05 13:47:30,997 INFO 6801 [egg-schedule]: register schedule /Users/xiaohuangyu/work/egg-ams/admin/node_modules/egg-logrotator/app/schedule/rotate_by_file.js
2019-04-05 13:47:47,151 INFO 6802 [egg-schedule]: register schedule /Users/xiaohuangyu/work/egg-ams/admin/node_modules/egg-multipart/app/schedule/clean_tmpdir.js
2019-04-05 13:47:47,151 INFO 6802 [egg-schedule]: register schedule /Users/xiaohuangyu/work/egg-ams/admin/node_modules/egg-logrotator/app/schedule/clean_log.js
2019-04-05 13:47:47,151 INFO 6802 [egg-schedule]: register schedule /Users/xiaohuangyu/work/egg-ams/admin/node_modules/egg-logrotator/app/schedule/rotate_by_file.js
2019-04-05 13:48:09,504 INFO 6803 [egg-schedule]: register schedule /Users/xiaohuangyu/work/egg-ams/admin/node_modules/egg-multipart/app/schedule/clean_tmpdir.js
2019-04-05 13:48:09,504 INFO 6803 [egg-schedule]: register schedule /Users/xiaohuangyu/work/egg-ams/admin/node_modules/egg-logrotator/app/schedule/clean_log.js
2019-04-05 13:48:09,504 INFO 6803 [egg-schedule]: register schedule /Users/xiaohuangyu/work/egg-ams/admin/node_modules/egg-logrotator/app/schedule/rotate_by_file.js
2019-04-05 13:49:14,773 INFO 6807 [egg-schedule]: register schedule /Users/xiaohuangyu/work/egg-ams/admin/node_modules/egg-multipart/app/schedule/clean_tmpdir.js
2019-04-05 13:49:14,773 INFO 6807 [egg-schedule]: register schedule /Users/xiaohuangyu/work/egg-ams/admin/node_modules/egg-logrotator/app/schedule/clean_log.js
2019-04-05 13:49:14,773 INFO 6807 [egg-schedule]: register schedule /Users/xiaohuangyu/work/egg-ams/admin/node_modules/egg-logrotator/app/schedule/rotate_by_file.js
2019-04-05 14:58:26,703 INFO 6879 [egg-schedule]: register schedule /Users/xiaohuangyu/work/egg-ams/admin/node_modules/egg-multipart/app/schedule/clean_tmpdir.js
2019-04-05 14:58:26,703 INFO 6879 [egg-schedule]: register schedule /Users/xiaohuangyu/work/egg-ams/admin/node_modules/egg-logrotator/app/schedule/clean_log.js
2019-04-05 14:58:26,703 INFO 6879 [egg-schedule]: register schedule /Users/xiaohuangyu/work/egg-ams/admin/node_modules/egg-logrotator/app/schedule/rotate_by_file.js
2019-04-05 15:03:05,540 INFO 6891 [egg-schedule]: register schedule /Users/xiaohuangyu/work/egg-ams/admin/node_modules/egg-multipart/app/schedule/clean_tmpdir.js
2019-04-05 15:03:05,540 INFO 6891 [egg-schedule]: register schedule /Users/xiaohuangyu/work/egg-ams/admin/node_modules/egg-logrotator/app/schedule/clean_log.js
2019-04-05 15:03:05,540 INFO 6891 [egg-schedule]: register schedule /Users/xiaohuangyu/work/egg-ams/admin/node_modules/egg-logrotator/app/schedule/rotate_by_file.js
2019-04-05 15:04:25,245 INFO 6894 [egg-schedule]: register schedule /Users/xiaohuangyu/work/egg-ams/admin/node_modules/egg-multipart/app/schedule/clean_tmpdir.js
2019-04-05 15:04:25,245 INFO 6894 [egg-schedule]: register schedule /Users/xiaohuangyu/work/egg-ams/admin/node_modules/egg-logrotator/app/schedule/clean_log.js
2019-04-05 15:04:25,245 INFO 6894 [egg-schedule]: register schedule /Users/xiaohuangyu/work/egg-ams/admin/node_modules/egg-logrotator/app/schedule/rotate_by_file.js
2019-04-05 15:05:09,313 INFO 6894 [Job#155444790930213187639713449851] /Users/xiaohuangyu/work/egg-ams/admin/node_modules/egg-multipart/app/schedule/clean_tmpdir.js executing by app
2019-04-05 15:05:09,315 INFO 6112 [Timer] /Users/xiaohuangyu/work/egg-ams/admin/node_modules/egg-multipart/app/schedule/clean_tmpdir.js next time will execute after 48290695ms at 2019-04-06 04:30:00.010
2019-04-05 15:05:09,333 INFO 6894 [Job#155444790930213187639713449851] /Users/xiaohuangyu/work/egg-ams/admin/node_modules/egg-multipart/app/schedule/clean_tmpdir.js execute succeed, used 19ms
2019-04-05 15:10:31,908 INFO 7344 [egg-schedule]: register schedule /Users/xiaohuangyu/work/egg-ams/admin/node_modules/egg-multipart/app/schedule/clean_tmpdir.js
2019-04-05 15:10:31,908 INFO 7344 [egg-schedule]: register schedule /Users/xiaohuangyu/work/egg-ams/admin/node_modules/egg-logrotator/app/schedule/clean_log.js
2019-04-05 15:10:31,908 INFO 7344 [egg-schedule]: register schedule /Users/xiaohuangyu/work/egg-ams/admin/node_modules/egg-logrotator/app/schedule/rotate_by_file.js
2019-04-05 15:11:17,159 INFO 7345 [egg-schedule]: register schedule /Users/xiaohuangyu/work/egg-ams/admin/node_modules/egg-multipart/app/schedule/clean_tmpdir.js
2019-04-05 15:11:17,159 INFO 7345 [egg-schedule]: register schedule /Users/xiaohuangyu/work/egg-ams/admin/node_modules/egg-logrotator/app/schedule/clean_log.js
2019-04-05 15:11:17,159 INFO 7345 [egg-schedule]: register schedule /Users/xiaohuangyu/work/egg-ams/admin/node_modules/egg-logrotator/app/schedule/rotate_by_file.js
2019-04-05 15:11:27,785 INFO 7346 [egg-schedule]: register schedule /Users/xiaohuangyu/work/egg-ams/admin/node_modules/egg-multipart/app/schedule/clean_tmpdir.js
2019-04-05 15:11:27,785 INFO 7346 [egg-schedule]: register schedule /Users/xiaohuangyu/work/egg-ams/admin/node_modules/egg-logrotator/app/schedule/clean_log.js
2019-04-05 15:11:27,785 INFO 7346 [egg-schedule]: register schedule /Users/xiaohuangyu/work/egg-ams/admin/node_modules/egg-logrotator/app/schedule/rotate_by_file.js
2019-04-05 15:11:38,647 INFO 7347 [egg-schedule]: register schedule /Users/xiaohuangyu/work/egg-ams/admin/node_modules/egg-multipart/app/schedule/clean_tmpdir.js
2019-04-05 15:11:38,647 INFO 7347 [egg-schedule]: register schedule /Users/xiaohuangyu/work/egg-ams/admin/node_modules/egg-logrotator/app/schedule/clean_log.js
2019-04-05 15:11:38,647 INFO 7347 [egg-schedule]: register schedule /Users/xiaohuangyu/work/egg-ams/admin/node_modules/egg-logrotator/app/schedule/rotate_by_file.js
2019-04-05 15:12:05,996 INFO 7348 [egg-schedule]: register schedule /Users/xiaohuangyu/work/egg-ams/admin/node_modules/egg-multipart/app/schedule/clean_tmpdir.js
2019-04-05 15:12:05,996 INFO 7348 [egg-schedule]: register schedule /Users/xiaohuangyu/work/egg-ams/admin/node_modules/egg-logrotator/app/schedule/clean_log.js
2019-04-05 15:12:05,996 INFO 7348 [egg-schedule]: register schedule /Users/xiaohuangyu/work/egg-ams/admin/node_modules/egg-logrotator/app/schedule/rotate_by_file.js
2019-04-05 15:13:12,459 INFO 7349 [egg-schedule]: register schedule /Users/xiaohuangyu/work/egg-ams/admin/node_modules/egg-multipart/app/schedule/clean_tmpdir.js
2019-04-05 15:13:12,459 INFO 7349 [egg-schedule]: register schedule /Users/xiaohuangyu/work/egg-ams/admin/node_modules/egg-logrotator/app/schedule/clean_log.js
2019-04-05 15:13:12,459 INFO 7349 [egg-schedule]: register schedule /Users/xiaohuangyu/work/egg-ams/admin/node_modules/egg-logrotator/app/schedule/rotate_by_file.js
2019-04-05 15:13:22,582 INFO 7350 [egg-schedule]: register schedule /Users/xiaohuangyu/work/egg-ams/admin/node_modules/egg-multipart/app/schedule/clean_tmpdir.js
2019-04-05 15:13:22,582 INFO 7350 [egg-schedule]: register schedule /Users/xiaohuangyu/work/egg-ams/admin/node_modules/egg-logrotator/app/schedule/clean_log.js
2019-04-05 15:13:22,582 INFO 7350 [egg-schedule]: register schedule /Users/xiaohuangyu/work/egg-ams/admin/node_modules/egg-logrotator/app/schedule/rotate_by_file.js
