2019-03-19 14:04:17,280 INFO 60823 [egg-logrotator] app logger reload: got log-reload message
2019-03-19 15:21:22,157 INFO 61098 [egg:logger] init all loggers with options: {"dir":"/Users/xiaohuangyu/work/egg-cms/logs/egg-cms","encoding":"utf8","env":"local","level":"INFO","consoleLevel":"INFO","disableConsoleAfterReady":false,"outputJSON":false,"buffer":true,"appLogName":"egg-cms-web.log","coreLogName":"egg-web.log","agentLogName":"egg-agent.log","errorLogName":"common-error.log","coreLogger":{"consoleLevel":"WARN"},"allowDebugAtProd":false,"type":"application"}
2019-03-19 15:21:22,229 INFO 61098 [egg-multipart] stream mode enable
2019-03-19 15:21:22,231 INFO 61098 [egg-mysql] connecting root@localhost:3306/pme
2019-03-19 15:21:22,410 INFO 61098 [egg-static] starting static serve /public/ -> /Users/xiaohuangyu/work/egg-cms/app/public
2019-03-19 15:21:22,413 INFO 61098 [egg-security] use methodnoallow middleware
2019-03-19 15:21:22,414 INFO 61098 [egg-security] use noopen middleware
2019-03-19 15:21:22,415 INFO 61098 [egg-security] use nosniff middleware
2019-03-19 15:21:22,416 INFO 61098 [egg-security] use xssProtection middleware
2019-03-19 15:21:22,416 INFO 61098 [egg-security] use xframe middleware
2019-03-19 15:21:22,417 INFO 61098 [egg-security] use dta middleware
2019-03-19 15:21:22,417 INFO 61098 [egg-security] compose 6 middlewares into one security middleware
2019-03-19 15:21:22,439 INFO 61098 [egg:core] dump config after load, 8ms
2019-03-19 15:21:22,469 INFO 61098 [egg-watcher:application] watcher start success
2019-03-19 15:21:22,472 INFO 61098 [egg-mysql] instance[0] status OK, rds currentTime: Tue Mar 19 2019 15:21:22 GMT+0800 (Taipei Standard Time)
2019-03-19 15:21:22,486 INFO 61098 [egg:core] dump config after ready, 5ms
2019-03-19 15:27:42,527 ERROR 61098 nodejs.ServerNoResponseError: server 127.0.0.1:49654 no response in 20003ms, maybe the socket is end on the other side. (address: 127.0.0.1:49654)
    at Timeout._heartbeatTimer.setInterval [as _onTimeout] (/Users/xiaohuangyu/work/egg-cms/node_modules/tcp-base/lib/base.js:427:21)
    at listOnTimeout (timers.js:324:15)
    at processTimers (timers.js:268:5)
name: "ServerNoResponseError"
pid: 61098
hostname: xiaohuangyudeMacBook-Pro.local

2019-03-19 15:27:42,528 WARN 61098 [ClusterClient:Watcher] follower closed, and try to init it again
2019-03-19 15:28:42,534 WARN 61098 nodejs.ResponseTimeoutError: register to channel: Watcher failed, will retry after 3s, Server no response in 60000ms, address#127.0.0.1:49654
    at Timeout._invokes.set.timer.setTimeout [as _onTimeout] (/Users/xiaohuangyu/work/egg-cms/node_modules/tcp-base/lib/base.js:225:21)
    at listOnTimeout (timers.js:324:15)
    at processTimers (timers.js:268:5)
socketMeta: {"id":22,"dataLength":75,"bufferSize1":0,"bufferSize2":0,"startTime":1552980462529,"endTime":1552980462529,"writeSuccess":true}
name: "ResponseTimeoutError"
pid: 61098
hostname: xiaohuangyudeMacBook-Pro.local

